cd /var/www/html/Sharif-Judge/tester;
./tester.sh /var/www/html/Sharif-Judge/assignments/assignment_18/p1 'bruno' 'main' 'main-19' cpp 0.5 1 50000 1048576 diff -bB 1 1 0 0 0 0 /var/www/html/Sharif-Judge/tester/static_analysis/ /var/www/html/Sharif-Judge/assignments/assignment_18/p1/inject/static_analysis_template/ 0             
Starting tester...
Static Analysis: false
ter dez 17 23:19:40 -03 2019
Language: cpp
Time Limit: 0.5 s
Memory Limit: 50000 kB
Output size limit: 1048576 bytes
EasySandbox: true
C/C++ Shield: false
Compiling as cpp
Enabling EasySandbox
EasySandbox is not built. Disabling EasySandbox...
Compiled. Exit Code=1  Execution Time: 2062 ms
Compile Error
code.cpp:4:10: fatal error: Serie.h: No such file or directory
 #include "Serie.h"
          ^~~~~~~~~
compilation terminated.
TesteEP2Ex1Heranca.cpp:7:10: fatal error: Ponto.h: No such file or directory
 #include "Ponto.h"
          ^~~~~~~~~
compilation terminated.

Total Execution Time: 2277 ms
